03_Implementacao/android/build/intermediates/manifest_merge_blame_file/debug/manifest-merger-blame-debug-report.txt
1<?xml version="1.0" encoding="utf-8"?>
2<manifest xmlns:android="http://schemas.android.com/apk/res/android"
3    package="com.gdx.tdl"
4    android:versionCode="1"
5    android:versionName="1.0" >
6
7    <uses-sdk
8        android:minSdkVersion="19"
8-->PRJ2020\android\AndroidManifest.xml
9        android:targetSdkVersion="29" />
9-->PRJ2020\android\AndroidManifest.xml
10
11    <uses-permission android:name="android.permission.ACCESS_NETWORK_STATE" />
11-->[pl.mk5.gdx-fireapp:gdx-fireapp-android:2.1.7] AndroidManifest.xml:26:5-79
11-->[pl.mk5.gdx-fireapp:gdx-fireapp-android:2.1.7] AndroidManifest.xml:26:22-76
12    <uses-permission android:name="android.permission.INTERNET" />
12-->[pl.mk5.gdx-fireapp:gdx-fireapp-android:2.1.7] AndroidManifest.xml:27:5-67
12-->[pl.mk5.gdx-fireapp:gdx-fireapp-android:2.1.7] AndroidManifest.xml:27:22-64
13    <uses-permission android:name="android.permission.WAKE_LOCK" />
13-->[pl.mk5.gdx-fireapp:gdx-fireapp-android:2.1.7] AndroidManifest.xml:28:5-68
13-->[pl.mk5.gdx-fireapp:gdx-fireapp-android:2.1.7] AndroidManifest.xml:28:22-65
14
15    <application
15-->PRJ2020\android\AndroidManifest.xml:5:5-22:19
16        android:name="androidx.multidex.MultiDexApplication"
17        android:allowBackup="true"
17-->PRJ2020\android\AndroidManifest.xml:6:9-35
18        android:appCategory="game"
18-->PRJ2020\android\AndroidManifest.xml:9:9-35
19        android:appComponentFactory="androidx.core.app.CoreComponentFactory"
19-->[androidx.core:core:1.3.0] AndroidManifest.xml:24:18-86
20        android:debuggable="true"
21        android:icon="@drawable/ic_launcher"
21-->PRJ2020\android\AndroidManifest.xml:7:9-45
22        android:isGame="true"
22-->PRJ2020\android\AndroidManifest.xml:8:9-30
23        android:label="@string/app_name"
23-->PRJ2020\android\AndroidManifest.xml:10:9-41
24        android:theme="@style/GdxTheme" >
24-->PRJ2020\android\AndroidManifest.xml:11:9-40
25        <activity
25-->PRJ2020\android\AndroidManifest.xml:12:9-21:20
26            android:name="com.gdx.tdl.AndroidLauncher"
26-->PRJ2020\android\AndroidManifest.xml:13:13-55
27            android:configChanges="keyboard|keyboardHidden|navigation|orientation|screenSize|screenLayout"
27-->PRJ2020\android\AndroidManifest.xml:16:13-107
28            android:label="@string/app_name"
28-->PRJ2020\android\AndroidManifest.xml:14:13-45
29            android:screenOrientation="landscape" >
29-->PRJ2020\android\AndroidManifest.xml:15:13-50
30            <intent-filter>
30-->PRJ2020\android\AndroidManifest.xml:17:13-20:29
31                <action android:name="android.intent.action.MAIN" />
31-->PRJ2020\android\AndroidManifest.xml:18:17-69
31-->PRJ2020\android\AndroidManifest.xml:18:25-66
32
33                <category android:name="android.intent.category.LAUNCHER" />
33-->PRJ2020\android\AndroidManifest.xml:19:17-77
33-->PRJ2020\android\AndroidManifest.xml:19:27-74
34            </intent-filter>
35        </activity>
36        <activity
36-->[com.google.firebase:firebase-auth:19.3.2] AndroidManifest.xml:24:9-31:50
37            android:name="com.google.firebase.auth.internal.FederatedSignInActivity"
37-->[com.google.firebase:firebase-auth:19.3.2] AndroidManifest.xml:25:13-85
38            android:excludeFromRecents="true"
38-->[com.google.firebase:firebase-auth:19.3.2] AndroidManifest.xml:26:13-46
39            android:exported="true"
39-->[com.google.firebase:firebase-auth:19.3.2] AndroidManifest.xml:27:13-36
40            android:launchMode="singleTask"
40-->[com.google.firebase:firebase-auth:19.3.2] AndroidManifest.xml:28:13-44
41            android:permission="com.google.firebase.auth.api.gms.permission.LAUNCH_FEDERATED_SIGN_IN"
41-->[com.google.firebase:firebase-auth:19.3.2] AndroidManifest.xml:29:13-102
42            android:theme="@android:style/Theme.Translucent.NoTitleBar" />
42-->[com.google.firebase:firebase-auth:19.3.2] AndroidManifest.xml:30:13-72
43
44        <service
44-->[com.google.firebase:firebase-auth:19.3.2] AndroidManifest.xml:33:9-39:19
45            android:name="com.google.firebase.components.ComponentDiscoveryService"
45-->[com.google.firebase:firebase-auth:19.3.2] AndroidManifest.xml:34:13-84
46            android:directBootAware="true"
46-->[com.google.firebase:firebase-common:19.3.0] AndroidManifest.xml:34:13-43
47            android:exported="false" >
47-->[com.google.firebase:firebase-auth:19.3.2] AndroidManifest.xml:35:13-37
48            <meta-data
48-->[com.google.firebase:firebase-auth:19.3.2] AndroidManifest.xml:36:13-38:85
49                android:name="com.google.firebase.components:com.google.firebase.auth.FirebaseAuthRegistrar"
49-->[com.google.firebase:firebase-auth:19.3.2] AndroidManifest.xml:37:17-109
50                android:value="com.google.firebase.components.ComponentRegistrar" />
50-->[com.google.firebase:firebase-auth:19.3.2] AndroidManifest.xml:38:17-82
51            <meta-data
51-->[com.google.firebase:firebase-storage:19.1.1] AndroidManifest.xml:33:13-35:85
52                android:name="com.google.firebase.components:com.google.firebase.storage.StorageRegistrar"
52-->[com.google.firebase:firebase-storage:19.1.1] AndroidManifest.xml:34:17-107
53                android:value="com.google.firebase.components.ComponentRegistrar" />
53-->[com.google.firebase:firebase-storage:19.1.1] AndroidManifest.xml:35:17-82
54        </service>
55
56        <activity
56-->[com.google.android.gms:play-services-base:17.1.0] AndroidManifest.xml:23:9-26:75
57            android:name="com.google.android.gms.common.api.GoogleApiActivity"
57-->[com.google.android.gms:play-services-base:17.1.0] AndroidManifest.xml:24:13-79
58            android:exported="false"
58-->[com.google.android.gms:play-services-base:17.1.0] AndroidManifest.xml:25:13-37
59            android:theme="@android:style/Theme.Translucent.NoTitleBar" />
59-->[com.google.android.gms:play-services-base:17.1.0] AndroidManifest.xml:26:13-72
60
61        <provider
61-->[com.google.firebase:firebase-common:19.3.0] AndroidManifest.xml:26:9-30:39
62            android:name="com.google.firebase.provider.FirebaseInitProvider"
62-->[com.google.firebase:firebase-common:19.3.0] AndroidManifest.xml:27:13-77
63            android:authorities="com.gdx.tdl.firebaseinitprovider"
63-->[com.google.firebase:firebase-common:19.3.0] AndroidManifest.xml:28:13-72
64            android:exported="false"
64-->[com.google.firebase:firebase-common:19.3.0] AndroidManifest.xml:29:13-37
65            android:initOrder="100" />
65-->[com.google.firebase:firebase-common:19.3.0] AndroidManifest.xml:30:13-36
66
67        <meta-data
67-->[com.google.android.gms:play-services-basement:17.0.0] AndroidManifest.xml:23:9-25:69
68            android:name="com.google.android.gms.version"
68-->[com.google.android.gms:play-services-basement:17.0.0] AndroidManifest.xml:24:13-58
69            android:value="@integer/google_play_services_version" />
69-->[com.google.android.gms:play-services-basement:17.0.0] AndroidManifest.xml:25:13-66
70    </application>
71
72</manifest>